<?xml version="1.0" encoding="UTF-8"?>
<testsuites name="test for glbobal varibale" time="0" tests="2" failures="0" errors="0">
   <testsuite name="test for glbobal varibale" tests="2" failures="0" errors="0" time="0" timestamp="2019-04-05 15:46:56" hostname="C5284842 - 192.168.242.4" id="Test Suites/test for glbobal varibale">
      <properties>
         <property name="deviceName" value=""/>
         <property name="devicePlatform" value=""/>
         <property name="logFolder" value="C:\\Users\\C5284842\\git\\RegressionPack\\Reports\\test for glbobal varibale\\20190405_154654"/>
         <property name="logFiles" value="C:\\Users\\C5284842\\git\\RegressionPack\\Reports\\test for glbobal varibale\\20190405_154654\\execution0.log"/>
         <property name="attachments" value=""/>
         <property name="hostName" value="C5284842 - 192.168.242.4"/>
         <property name="hostAddress" value="192.168.242.4"/>
         <property name="os" value="Windows 10 64bit"/>
         <property name="katalonVersion" value="6.1.0.1"/>
      </properties>
      <testcase name="Test Cases/Titles/testcodeA" classname="Test Cases/Titles/testcodeA" status="PASSED">
         <system-out><![CDATA[2019-04-05 15:46:56 - [TEST_CASE][PASSED] - Test Cases/Titles/testcodeA: Test Cases/Titles/testcodeA

2019-04-05 15:46:56 - [TEST_STEP][PASSED] - PositionAdvanceSearch = "Mysearch": null

2019-04-05 15:46:57 - [TEST_STEP][PASSED] - println(PositionAdvanceSearch): null]]></system-out>
         <system-err><![CDATA[]]></system-err>
      </testcase>
      <testcase name="Test Cases/Titles/testcodeB" classname="Test Cases/Titles/testcodeB" status="PASSED">
         <system-out><![CDATA[2019-04-05 15:46:57 - [TEST_CASE][PASSED] - Test Cases/Titles/testcodeB: Test Cases/Titles/testcodeB

2019-04-05 15:46:57 - [TEST_STEP][PASSED] - Name = "tittle100": null

2019-04-05 15:46:57 - [TEST_STEP][PASSED] - time_ = commonUtilities.TimeStamp.timeStamp(): commonUtilities.TimeStamp.timeStamp is PASSED

2019-04-05 15:46:57 - [MESSAGE][PASSED] - commonUtilities.TimeStamp.timeStamp is PASSED

2019-04-05 15:46:57 - [TEST_STEP][PASSED] - println(time_): null

2019-04-05 15:46:57 - [TEST_STEP][PASSED] - println(PositionAdvanceSearch): null]]></system-out>
         <system-err><![CDATA[]]></system-err>
      </testcase>
      <system-out><![CDATA[2019-04-05 15:46:56 - [TEST_SUITE][PASSED] - test for glbobal varibale: Test Cases/Titles/testcodeB]]></system-out>
      <system-err><![CDATA[]]></system-err>
   </testsuite>
</testsuites>
